[INFO] Scanning for projects...
[INFO] 
[INFO] ---------------------< com.parkit:parking-system >----------------------
[INFO] Building parking-system 1.0-SNAPSHOT
[INFO] --------------------------------[ jar ]---------------------------------
[INFO] 
[INFO] --- maven-site-plugin:3.9.1:site (default-site) @ parking-system ---
[INFO] configuring report plugin org.apache.maven.plugins:maven-surefire-report-plugin:2.22.2
[INFO] preparing maven-surefire-report-plugin:report report requires '[surefire]test' forked phase execution
[INFO] 
[INFO] >>> maven-surefire-report-plugin:2.22.2:report > [surefire]test @ parking-system >>>
[INFO] 
[INFO] --- jacoco-maven-plugin:0.8.5:prepare-agent (default) @ parking-system ---
[INFO] argLine set to "-javaagent:C:\\Users\\c.mbizibikouta\\.m2\\repository\\org\\jacoco\\org.jacoco.agent\\0.8.5\\org.jacoco.agent-0.8.5-runtime.jar=destfile=C:\\Users\\c.mbizibikouta\\IdeaProjects\\Projets OC\\P5\\parkingsystem\\target\\jacoco.exec"
[INFO] 
[INFO] --- maven-resources-plugin:2.6:resources (default-resources) @ parking-system ---
[INFO] Using 'UTF-8' encoding to copy filtered resources.
[INFO] Copying 1 resource
[INFO] 
[INFO] --- maven-compiler-plugin:3.1:compile (default-compile) @ parking-system ---
[INFO] Nothing to compile - all classes are up to date
[INFO] 
[INFO] --- maven-resources-plugin:2.6:testResources (default-testResources) @ parking-system ---
[INFO] Using 'UTF-8' encoding to copy filtered resources.
[INFO] skip non existing resourceDirectory C:\Users\c.mbizibikouta\IdeaProjects\Projets OC\P5\parkingsystem\src\test\resources
[INFO] 
[INFO] --- maven-compiler-plugin:3.1:testCompile (default-testCompile) @ parking-system ---
[INFO] Nothing to compile - all classes are up to date
[INFO] 
[INFO] --- maven-surefire-plugin:2.22.2:test (default-test) @ parking-system ---
[INFO] 
[INFO] -------------------------------------------------------
[INFO]  T E S T S
[INFO] -------------------------------------------------------
[INFO] 
[INFO] Results:
[INFO] 
[INFO] Tests run: 0, Failures: 0, Errors: 0, Skipped: 0
[INFO] 
[ERROR] There are test failures.

Please refer to C:\Users\c.mbizibikouta\IdeaProjects\Projets OC\P5\parkingsystem\target\surefire-reports for the individual test results.
Please refer to dump files (if any exist) [date].dump, [date]-jvmRun[N].dump and [date].dumpstream.
The forked VM terminated without properly saying goodbye. VM crash or System.exit called?
Command was cmd.exe /X /C ""C:\Program Files\Zulu\zulu-15\bin\java" "-javaagent:C:\\Users\\c.mbizibikouta\\.m2\\repository\\org\\jacoco\\org.jacoco.agent\\0.8.5\\org.jacoco.agent-0.8.5-runtime.jar=destfile=C:\\Users\\c.mbizibikouta\\IdeaProjects\\Projets OC\\P5\\parkingsystem\\target\\jacoco.exec" -jar C:\Users\C1F8C~1.MBI\AppData\Local\Temp\surefire16778123394837216574\surefirebooter13062344327221400600.jar C:\Users\c.mbizibikouta\AppData\Local\Temp\surefire16778123394837216574 2021-02-12T19-16-59_856-jvmRun1 surefire15750458685767026817tmp surefire_09836922919220867190tmp"
Error occurred in starting fork, check output in log
Process Exit Code: 1
org.apache.maven.surefire.booter.SurefireBooterForkException: The forked VM terminated without properly saying goodbye. VM crash or System.exit called?
Command was cmd.exe /X /C ""C:\Program Files\Zulu\zulu-15\bin\java" "-javaagent:C:\\Users\\c.mbizibikouta\\.m2\\repository\\org\\jacoco\\org.jacoco.agent\\0.8.5\\org.jacoco.agent-0.8.5-runtime.jar=destfile=C:\\Users\\c.mbizibikouta\\IdeaProjects\\Projets OC\\P5\\parkingsystem\\target\\jacoco.exec" -jar C:\Users\C1F8C~1.MBI\AppData\Local\Temp\surefire16778123394837216574\surefirebooter13062344327221400600.jar C:\Users\c.mbizibikouta\AppData\Local\Temp\surefire16778123394837216574 2021-02-12T19-16-59_856-jvmRun1 surefire15750458685767026817tmp surefire_09836922919220867190tmp"
Error occurred in starting fork, check output in log
Process Exit Code: 1
	at org.apache.maven.plugin.surefire.booterclient.ForkStarter.fork(ForkStarter.java:669)
	at org.apache.maven.plugin.surefire.booterclient.ForkStarter.run(ForkStarter.java:282)
	at org.apache.maven.plugin.surefire.booterclient.ForkStarter.run(ForkStarter.java:245)
	at org.apache.maven.plugin.surefire.AbstractSurefireMojo.executeProvider(AbstractSurefireMojo.java:1183)
	at org.apache.maven.plugin.surefire.AbstractSurefireMojo.executeAfterPreconditionsChecked(AbstractSurefireMojo.java:1011)
	at org.apache.maven.plugin.surefire.AbstractSurefireMojo.execute(AbstractSurefireMojo.java:857)
	at org.apache.maven.plugin.DefaultBuildPluginManager.executeMojo(DefaultBuildPluginManager.java:137)
	at org.apache.maven.lifecycle.internal.MojoExecutor.execute(MojoExecutor.java:210)
	at org.apache.maven.lifecycle.internal.MojoExecutor.execute(MojoExecutor.java:156)
	at org.apache.maven.lifecycle.internal.MojoExecutor.execute(MojoExecutor.java:148)
	at org.apache.maven.lifecycle.internal.MojoExecutor.executeForkedExecutions(MojoExecutor.java:355)
	at org.apache.maven.lifecycle.DefaultLifecycleExecutor.executeForkedExecutions(DefaultLifecycleExecutor.java:173)
	at org.apache.maven.reporting.exec.DefaultMavenReportExecutor.prepareReportExecution(DefaultMavenReportExecutor.java:356)
	at org.apache.maven.reporting.exec.DefaultMavenReportExecutor.buildReportPlugin(DefaultMavenReportExecutor.java:189)
	at org.apache.maven.reporting.exec.DefaultMavenReportExecutor.buildMavenReports(DefaultMavenReportExecutor.java:154)
	at org.apache.maven.plugins.site.render.AbstractSiteRenderingMojo.getReports(AbstractSiteRenderingMojo.java:226)
	at org.apache.maven.plugins.site.render.SiteMojo.execute(SiteMojo.java:115)
	at org.apache.maven.plugin.DefaultBuildPluginManager.executeMojo(DefaultBuildPluginManager.java:137)
	at org.apache.maven.lifecycle.internal.MojoExecutor.execute(MojoExecutor.java:210)
	at org.apache.maven.lifecycle.internal.MojoExecutor.execute(MojoExecutor.java:156)
	at org.apache.maven.lifecycle.internal.MojoExecutor.execute(MojoExecutor.java:148)
	at org.apache.maven.lifecycle.internal.LifecycleModuleBuilder.buildProject(LifecycleModuleBuilder.java:117)
	at org.apache.maven.lifecycle.internal.LifecycleModuleBuilder.buildProject(LifecycleModuleBuilder.java:81)
	at org.apache.maven.lifecycle.internal.builder.singlethreaded.SingleThreadedBuilder.build(SingleThreadedBuilder.java:56)
	at org.apache.maven.lifecycle.internal.LifecycleStarter.execute(LifecycleStarter.java:128)
	at org.apache.maven.DefaultMaven.doExecute(DefaultMaven.java:305)
	at org.apache.maven.DefaultMaven.doExecute(DefaultMaven.java:192)
	at org.apache.maven.DefaultMaven.execute(DefaultMaven.java:105)
	at org.apache.maven.cli.MavenCli.execute(MavenCli.java:957)
	at org.apache.maven.cli.MavenCli.doMain(MavenCli.java:289)
	at org.apache.maven.cli.MavenCli.main(MavenCli.java:193)
	at java.base/jdk.internal.reflect.NativeMethodAccessorImpl.invoke0(Native Method)
	at java.base/jdk.internal.reflect.NativeMethodAccessorImpl.invoke(NativeMethodAccessorImpl.java:64)
	at java.base/jdk.internal.reflect.DelegatingMethodAccessorImpl.invoke(DelegatingMethodAccessorImpl.java:43)
	at java.base/java.lang.reflect.Method.invoke(Method.java:564)
	at org.codehaus.plexus.classworlds.launcher.Launcher.launchEnhanced(Launcher.java:282)
	at org.codehaus.plexus.classworlds.launcher.Launcher.launch(Launcher.java:225)
	at org.codehaus.plexus.classworlds.launcher.Launcher.mainWithExitCode(Launcher.java:406)
	at org.codehaus.plexus.classworlds.launcher.Launcher.main(Launcher.java:347)

[INFO] 
[INFO] <<< maven-surefire-report-plugin:2.22.2:report < [surefire]test @ parking-system <<<
[INFO] 
[INFO] '[surefire]test' forked phase execution for maven-surefire-report-plugin:report report preparation done
[INFO] 3 reports detected for maven-surefire-report-plugin:2.22.2: failsafe-report-only, report, report-only
[INFO] configuring report plugin org.codehaus.mojo:findbugs-maven-plugin:3.0.5
[INFO] 1 report detected for findbugs-maven-plugin:3.0.5: findbugs
[WARNING] Report plugin org.apache.maven.plugins:maven-project-info-reports-plugin has an empty version.
[WARNING] 
[WARNING] It is highly recommended to fix these problems because they threaten the stability of your build.
[WARNING] 
[WARNING] For this reason, future Maven versions might no longer support building such malformed projects.
[INFO] configuring report plugin org.apache.maven.plugins:maven-project-info-reports-plugin:3.1.1
[INFO] 15 reports detected for maven-project-info-reports-plugin:3.1.1: ci-management, dependencies, dependency-info, dependency-management, distribution-management, index, issue-management, licenses, mailing-lists, modules, plugin-management, plugins, scm, summary, team
[INFO] Fork Value is true
     [java] WARNING: An illegal reflective access operation has occurred
     [java] WARNING: Illegal reflective access by org.dom4j.io.SAXContentHandler (file:/C:/Users/c.mbizibikouta/.m2/repository/dom4j/dom4j/1.6.1/dom4j-1.6.1.jar) to method com.sun.org.apache.xerces.internal.parsers.AbstractSAXParser$LocatorProxy.getEncoding()
     [java] WARNING: Please consider reporting this to the maintainers of org.dom4j.io.SAXContentHandler
     [java] WARNING: Use --illegal-access=warn to enable warnings of further illegal reflective access operations
     [java] WARNING: All illegal access operations will be denied in a future release
     [java] The following classes needed for analysis were missing:
     [java]   java.lang.Object
     [java]   java.lang.Enum
     [java]   java.util.Date
     [java]   java.lang.StringBuilder
     [java]   java.lang.IllegalArgumentException
     [java]   java.util.Scanner
     [java]   java.lang.Integer
     [java]   java.io.PrintStream
     [java]   java.lang.String
     [java]   java.sql.Connection
     [java]   java.sql.PreparedStatement
     [java]   java.sql.Timestamp
     [java]   java.sql.ResultSet
     [java]   java.lang.Exception
     [java]   java.lang.Class
     [java]   java.sql.DriverManager
     [java]   java.lang.NoSuchFieldError
     [java]   java.lang.IllegalAccessError
     [java]   java.lang.NoSuchMethodError
     [java]   java.lang.NullPointerException
     [java]   java.lang.IncompatibleClassChangeError
     [java]   java.lang.AbstractMethodError
     [java]   java.lang.UnsatisfiedLinkError
     [java]   java.lang.Error
     [java]   java.lang.RuntimeException
     [java]   java.lang.System
     [java]   java.lang.NoClassDefFoundError
     [java]   java.io.Serializable
     [java]   java.lang.ArrayIndexOutOfBoundsException
     [java]   java.sql.SQLException
     [java]   java.lang.ClassNotFoundException
     [java] Warnings generated: 9
     [java] Missing classes: 21
[INFO] Done FindBugs Analysis....
[INFO] Rendering site with default locale English (en)
[WARNING] No project URL defined - decoration links will not be relativized!
[INFO] Rendering content with org.apache.maven.skins:maven-default-skin:jar:1.3 skin.
[INFO] Skipped "Surefire Report" report (maven-surefire-report-plugin:2.22.2:report-only), file "surefire-report.html" already exists.
[INFO] Generating "Surefire Report" report --- maven-surefire-report-plugin:2.22.2:report
[WARNING] Unable to locate Test Source XRef to link to - DISABLED
[INFO] Generating "FindBugs" report      --- findbugs-maven-plugin:3.0.5:findbugs
[INFO] Generating "Dependencies" report  --- maven-project-info-reports-plugin:3.1.1:dependencies
[INFO] Unable to create Maven project from repository for artifact 'commons-collections:commons-collections:jar:3.2', for more information run with -X
[INFO] Unable to create Maven project from repository for artifact 'commons-httpclient:commons-httpclient:jar:3.1', for more information run with -X
[INFO] Unable to create Maven project from repository for artifact 'org.apache.velocity:velocity:jar:1.5', for more information run with -X
[INFO] Unable to create Maven project from repository for artifact 'org.codehaus.plexus:plexus-container-default:jar:1.0-alpha-9', for more information run with -X
[INFO] Unable to create Maven project from repository for artifact 'xerces:xercesImpl:jar:2.8.1', for more information run with -X
[INFO] Unable to create Maven project from repository for artifact 'org.codehaus.plexus:plexus-container-default:jar:1.0-alpha-9', for more information run with -X
[INFO] Unable to create Maven project from repository for artifact 'xerces:xercesImpl:jar:2.8.1', for more information run with -X
[INFO] Unable to create Maven project from repository for artifact 'commons-httpclient:commons-httpclient:jar:3.1', for more information run with -X
[INFO] Unable to create Maven project from repository for artifact 'org.apache.velocity:velocity:jar:1.5', for more information run with -X
[INFO] Unable to create Maven project from repository for artifact 'commons-collections:commons-collections:jar:3.2', for more information run with -X
[INFO] Generating "Dependency Information" report --- maven-project-info-reports-plugin:3.1.1:dependency-info
[INFO] Generating "About" report         --- maven-project-info-reports-plugin:3.1.1:index
[INFO] Generating "Plugin Management" report --- maven-project-info-reports-plugin:3.1.1:plugin-management
[INFO] Generating "Plugins" report       --- maven-project-info-reports-plugin:3.1.1:plugins
[INFO] Generating "Summary" report       --- maven-project-info-reports-plugin:3.1.1:summary
[INFO] 
[INFO] --- jacoco-maven-plugin:0.8.5:report (jacoco-report) @ parking-system ---
[INFO] Loading execution data file C:\Users\c.mbizibikouta\IdeaProjects\Projets OC\P5\parkingsystem\target\jacoco.exec
[INFO] Analyzed bundle 'parking-system' with 13 classes
[INFO] ------------------------------------------------------------------------
[INFO] BUILD SUCCESS
[INFO] ------------------------------------------------------------------------
[INFO] Total time:  24.789 s
[INFO] Finished at: 2021-02-12T19:17:21+01:00
[INFO] ------------------------------------------------------------------------



Tuto Plugins Unit test

Runner d'historique de couverture de test unitaire

Chaque fois que vous effectuez un test, faites-le avec le nouveau lanceur (les points d'arrêt fonctionneront toujours)

1- Sélectionnez une méthode dans votre projet et faites un clic droit sur celle-ci
2- Cliquez sur Exécuter les tests unitaires qui couvrent cette méthode...
3- Les tests seront automatiquement lancés