-------------------------------------------------------------------------------
Test set: com.parkit.parkingsystem.ParkingServiceTest
-------------------------------------------------------------------------------
Tests run: 2, Failures: 2, Errors: 0, Skipped: 0, Time elapsed: 0.09 s <<< FAILURE! - in com.parkit.parkingsystem.ParkingServiceTest
processExitingVehicle  Time elapsed: 0.05 s  <<< FAILURE!
org.mockito.exceptions.verification.WantedButNotInvoked: 

Wanted but not invoked:
parkingSpotDAO.updateParking(
    <any com.parkit.parkingsystem.model.ParkingSpot>
);
-> at com.parkit.parkingsystem.ParkingServiceTest.processExitingVehicle(ParkingServiceTest.java:59)
Actually, there were zero interactions with this mock.

	at com.parkit.parkingsystem.ParkingServiceTest.processExitingVehicle(ParkingServiceTest.java:59)

processExitingVehicleTest  Time elapsed: 0.039 s  <<< FAILURE!
org.mockito.exceptions.verification.WantedButNotInvoked: 

Wanted but not invoked:
parkingSpotDAO.updateParking(
    <any com.parkit.parkingsystem.model.ParkingSpot>
);
-> at com.parkit.parkingsystem.ParkingServiceTest.processExitingVehicleTest(ParkingServiceTest.java:65)
Actually, there were zero interactions with this mock.

	at com.parkit.parkingsystem.ParkingServiceTest.processExitingVehicleTest(ParkingServiceTest.java:65)

